{"id":"cbe5574c2b0ec6c931a0b9840593dcec","name":"Failing test with detailed trace","start":1704067210000,"stop":1704067215000,"duration":5000,"status":"failed","fullName":"tests.auth.FailingTestWithTrace","historyId":"b99562eddfa83dcc75b345d4f470a413.d41d8cd98f00b204e9800998ecf8427e","flaky":false,"muted":false,"known":false,"hidden":false,"labels":[{"name":"feature","value":"Authentication"},{"name":"severity","value":"critical"},{"name":"suite","value":"Login Flow"},{"name":"host","value":"github-runner-1"},{"name":"thread","value":"main-thread"}],"groupedLabels":{"feature":["Authentication"],"severity":["critical"],"suite":["Login Flow"],"host":["github-runner-1"],"thread":["main-thread"]},"parameters":[],"links":[],"steps":[],"error":{"message":"AssertionError: Expected 'hello' to equal 'world'","trace":"AssertionError: Expected 'hello' to equal 'world'\n    at Object.<anonymous> (/test/example.test.js:42:15)\n    at Promise.then.completed (/node_modules/jest-circus/build/utils.js:333:28)\n    at new Promise (<anonymous>)\n    at callAsyncCircusFn (/node_modules/jest-circus/build/utils.js:259:10)"},"testCase":{"id":"b99562eddfa83dcc75b345d4f470a413","name":"Failing test with detailed trace","fullName":"tests.auth.FailingTestWithTrace"},"environment":"default","setup":[],"teardown":[],"history":[],"retries":[],"breadcrumbs":[["Login Flow"]],"retry":false,"titlePath":[],"retriesCount":0,"attachments":[],"order":2}